<?xml version="1.0" encoding="UTF-8"?>
<testng-results ignored="0" total="1" passed="1" failed="0" skipped="0">
  <reporter-output>
  </reporter-output>
  <suite started-at="2024-04-14T19:10:17 IST" name="Suite" finished-at="2024-04-14T19:10:44 IST" duration-ms="26918">
    <groups>
    </groups>
    <test started-at="2024-04-14T19:10:17 IST" name="Test" finished-at="2024-04-14T19:10:44 IST" duration-ms="26918">
      <class name="com.qa.tests.Testcase1">
        <test-method is-config="true" signature="setUpExtentReport()[pri:0, instance:com.qa.tests.Testcase1@158d2680]" started-at="2024-04-14T19:10:17 IST" name="setUpExtentReport" finished-at="2024-04-14T19:10:17 IST" duration-ms="413" status="PASS">
          <reporter-output>
          </reporter-output>
        </test-method> <!-- setUpExtentReport -->
        <test-method is-config="true" signature="setUp(java.lang.String,java.lang.reflect.Method)[pri:0, instance:com.qa.tests.Testcase1@158d2680]" started-at="2024-04-14T19:10:17 IST" name="setUp" finished-at="2024-04-14T19:10:37 IST" duration-ms="19943" status="PASS">
          <params>
            <param index="0">
              <value>
                <![CDATA[chrome]]>
              </value>
            </param>
            <param index="1">
              <value>
                <![CDATA[public void com.qa.tests.Testcase1.enterCredentialsTestMethod()]]>
              </value>
            </param>
          </params>
          <reporter-output>
          </reporter-output>
        </test-method> <!-- setUp -->
        <test-method signature="enterCredentialsTestMethod()[pri:0, instance:com.qa.tests.Testcase1@158d2680]" started-at="2024-04-14T19:10:37 IST" name="enterCredentialsTestMethod" finished-at="2024-04-14T19:10:44 IST" duration-ms="6488" status="PASS">
          <reporter-output>
          </reporter-output>
        </test-method> <!-- enterCredentialsTestMethod -->
        <test-method is-config="true" signature="tearDown(org.testng.ITestResult)[pri:0, instance:com.qa.tests.Testcase1@158d2680]" started-at="2024-04-14T19:10:44 IST" name="tearDown" finished-at="2024-04-14T19:10:44 IST" duration-ms="440" status="PASS">
          <params>
            <param index="0">
              <value>
                <![CDATA[[TestResult name=enterCredentialsTestMethod status=SUCCESS method=Testcase1.enterCredentialsTestMethod()[pri:0, instance:com.qa.tests.Testcase1@158d2680] output={null}]]]>
              </value>
            </param>
          </params>
          <reporter-output>
          </reporter-output>
        </test-method> <!-- tearDown -->
        <test-method is-config="true" signature="tearDownExtentReport()[pri:0, instance:com.qa.tests.Testcase1@158d2680]" started-at="2024-04-14T19:10:44 IST" name="tearDownExtentReport" finished-at="2024-04-14T19:10:45 IST" duration-ms="534" status="PASS">
          <reporter-output>
          </reporter-output>
        </test-method> <!-- tearDownExtentReport -->
      </class> <!-- com.qa.tests.Testcase1 -->
    </test> <!-- Test -->
  </suite> <!-- Suite -->
</testng-results>
